<?xml version="1.0" encoding="UTF-8"?>
<!-- Generated by org.testng.reporters.JUnitReportReporter -->
<testsuite hostname="LAPTOP-OB15PKAD" failures="0" tests="1" name="Cucumber.TestNGTestRunner" time="0.838" errors="1" timestamp="2025-02-24T23:18:41 IST" skipped="0">
  <testcase classname="Cucumber.TestNGTestRunner" name="setUpClass" time="0.838">
    <error message="Failed to parse resource at: file:///C:/Users/Sourabh/eclipse-workspace/EcommerceSite/src/test/java/Cucumber/SubmitOrder.feature
(7:2): expected: #TagLine, #RuleLine, #Comment, #Empty, got &#039;given I landed on the Page&#039;
(10:3): expected: #TagLine, #RuleLine, #Comment, #Empty, got &#039;Scenario Outline: Submitting the order&#039;
(11:5): expected: #TagLine, #RuleLine, #Comment, #Empty, got &#039;Given LogIn with &lt;name&gt;&amp; &lt;password&gt;&#039;
(12:5): expected: #TagLine, #RuleLine, #Comment, #Empty, got &#039;When Add The &lt;productname&gt; to cart&#039;
(13:5): expected: #TagLine, #RuleLine, #Comment, #Empty, got &#039;And checkout &lt;productname&gt; and submit the product.&#039;
(14:5): expected: #TagLine, #RuleLine, #Comment, #Empty, got &#039;Then &quot;Thankyou for the order&quot; display messege on page&#039;
(16:5): expected: #TagLine, #RuleLine, #Comment, #Empty, got &#039;Examples:&#039;
(17:7): expected: #TagLine, #RuleLine, #Comment, #Empty, got &#039;| name                 | password        | productname  |&#039;
(18:6): expected: #TagLine, #RuleLine, #Comment, #Empty, got &#039;| sp5561719@gmail.com  | Sourabh@1432    | ZARA COAT 3   |&#039;
(19:0): unexpected end of file, expected: #TagLine, #RuleLine, #Comment, #Empty" type="io.cucumber.core.gherkin.FeatureParserException">
      <![CDATA[io.cucumber.core.gherkin.FeatureParserException: Failed to parse resource at: file:///C:/Users/Sourabh/eclipse-workspace/EcommerceSite/src/test/java/Cucumber/SubmitOrder.feature
(7:2): expected: #TagLine, #RuleLine, #Comment, #Empty, got 'given I landed on the Page'
(10:3): expected: #TagLine, #RuleLine, #Comment, #Empty, got 'Scenario Outline: Submitting the order'
(11:5): expected: #TagLine, #RuleLine, #Comment, #Empty, got 'Given LogIn with <name>& <password>'
(12:5): expected: #TagLine, #RuleLine, #Comment, #Empty, got 'When Add The <productname> to cart'
(13:5): expected: #TagLine, #RuleLine, #Comment, #Empty, got 'And checkout <productname> and submit the product.'
(14:5): expected: #TagLine, #RuleLine, #Comment, #Empty, got 'Then "Thankyou for the order" display messege on page'
(16:5): expected: #TagLine, #RuleLine, #Comment, #Empty, got 'Examples:'
(17:7): expected: #TagLine, #RuleLine, #Comment, #Empty, got '| name                 | password        | productname  |'
(18:6): expected: #TagLine, #RuleLine, #Comment, #Empty, got '| sp5561719@gmail.com  | Sourabh@1432    | ZARA COAT 3   |'
(19:0): unexpected end of file, expected: #TagLine, #RuleLine, #Comment, #Empty
at io.cucumber.core.gherkin.messages.GherkinMessagesFeatureParser.parse(GherkinMessagesFeatureParser.java:56)
at io.cucumber.core.feature.FeatureParser.parseResource(FeatureParser.java:46)
at java.base/java.util.function.BiFunction.lambda$andThen$0(BiFunction.java:70)
at io.cucumber.core.resource.ResourceScanner.lambda$processResource$1(ResourceScanner.java:79)
at io.cucumber.core.resource.PathScanner$ResourceFileVisitor.visitFile(PathScanner.java:75)
at io.cucumber.core.resource.PathScanner$ResourceFileVisitor.visitFile(PathScanner.java:60)
at java.base/java.nio.file.Files.walkFileTree(Files.java:2791)
at io.cucumber.core.resource.PathScanner.findResourcesForPath(PathScanner.java:53)
at io.cucumber.core.resource.PathScanner.findResourcesForUri(PathScanner.java:31)
at io.cucumber.core.resource.ResourceScanner.findResourcesForUri(ResourceScanner.java:61)
at io.cucumber.core.resource.ResourceScanner.scanForResourcesUri(ResourceScanner.java:134)
at io.cucumber.core.runtime.FeaturePathFeatureSupplier.loadFeatures(FeaturePathFeatureSupplier.java:62)
at io.cucumber.core.runtime.FeaturePathFeatureSupplier.get(FeaturePathFeatureSupplier.java:45)
at io.cucumber.testng.TestNGCucumberRunner.<init>(TestNGCucumberRunner.java:125)
at io.cucumber.testng.AbstractTestNGCucumberTests.setUpClass(AbstractTestNGCucumberTests.java:27)
at java.base/jdk.internal.reflect.DirectMethodHandleAccessor.invoke(DirectMethodHandleAccessor.java:103)
at java.base/java.lang.reflect.Method.invoke(Method.java:580)
at org.testng.internal.invokers.MethodInvocationHelper.invokeMethod(MethodInvocationHelper.java:141)
at org.testng.internal.invokers.MethodInvocationHelper.invokeMethodConsideringTimeout(MethodInvocationHelper.java:71)
at org.testng.internal.invokers.ConfigInvoker.invokeConfigurationMethod(ConfigInvoker.java:400)
at org.testng.internal.invokers.ConfigInvoker.invokeConfigurations(ConfigInvoker.java:333)
at org.testng.internal.invokers.TestMethodWorker.invokeBeforeClassMethods(TestMethodWorker.java:188)
at org.testng.internal.invokers.TestMethodWorker.run(TestMethodWorker.java:128)
at java.base/java.util.ArrayList.forEach(ArrayList.java:1597)
at org.testng.TestRunner.privateRun(TestRunner.java:739)
at org.testng.TestRunner.run(TestRunner.java:614)
at org.testng.SuiteRunner.runTest(SuiteRunner.java:421)
at org.testng.SuiteRunner.runSequentially(SuiteRunner.java:413)
at org.testng.SuiteRunner.privateRun(SuiteRunner.java:373)
at org.testng.SuiteRunner.run(SuiteRunner.java:312)
at org.testng.SuiteRunnerWorker.runSuite(SuiteRunnerWorker.java:52)
at org.testng.SuiteRunnerWorker.run(SuiteRunnerWorker.java:95)
at org.testng.TestNG.runSuitesSequentially(TestNG.java:1274)
at org.testng.TestNG.runSuitesLocally(TestNG.java:1208)
at org.testng.TestNG.runSuites(TestNG.java:1112)
at org.testng.TestNG.run(TestNG.java:1079)
at org.testng.remote.AbstractRemoteTestNG.run(AbstractRemoteTestNG.java:115)
at org.testng.remote.RemoteTestNG.initAndRun(RemoteTestNG.java:293)
at org.testng.remote.RemoteTestNG.main(RemoteTestNG.java:91)
]]>
    </error>
  </testcase> <!-- setUpClass -->
</testsuite> <!-- Cucumber.TestNGTestRunner -->
